HAI811I - Developpement mobile/TP1/TP1_Premiere_Application_Gaby/app/build/intermediates/manifest_merge_blame_file/debug/manifest-merger-blame-debug-report.txt
1<?xml version="1.0" encoding="utf-8"?>
2<manifest xmlns:android="http://schemas.android.com/apk/res/android"
3    package="com.example.tp1_premireapplication"
4    android:versionCode="1"
5    android:versionName="1.0" >
6
7    <uses-sdk
8        android:minSdkVersion="24"
8-->src\main\AndroidManifest.xml
9        android:targetSdkVersion="33" />
9-->src\main\AndroidManifest.xml
10
11    <uses-permission android:name="android.permission.CALL_PHONE" />
11-->src\main\AndroidManifest.xml:5:5-69
11-->src\main\AndroidManifest.xml:5:22-66
12
13    <permission
13-->[androidx.core:core:1.9.0] AndroidManifest.xml:22:5-24:47
14        android:name="com.example.tp1_premireapplication.DYNAMIC_RECEIVER_NOT_EXPORTED_PERMISSION"
14-->[androidx.core:core:1.9.0] AndroidManifest.xml:23:9-81
15        android:protectionLevel="signature" />
15-->[androidx.core:core:1.9.0] AndroidManifest.xml:24:9-44
16
17    <uses-permission android:name="com.example.tp1_premireapplication.DYNAMIC_RECEIVER_NOT_EXPORTED_PERMISSION" />
17-->[androidx.core:core:1.9.0] AndroidManifest.xml:26:5-97
17-->[androidx.core:core:1.9.0] AndroidManifest.xml:26:22-94
18
19    <application
19-->src\main\AndroidManifest.xml:7:5-69:19
20        android:allowBackup="true"
20-->src\main\AndroidManifest.xml:8:9-35
21        android:appComponentFactory="androidx.core.app.CoreComponentFactory"
21-->[androidx.core:core:1.9.0] AndroidManifest.xml:28:18-86
22        android:dataExtractionRules="@xml/data_extraction_rules"
22-->src\main\AndroidManifest.xml:9:9-65
23        android:debuggable="true"
24        android:extractNativeLibs="false"
25        android:fullBackupContent="@xml/backup_rules"
25-->src\main\AndroidManifest.xml:10:9-54
26        android:icon="@mipmap/ic_launcher"
26-->src\main\AndroidManifest.xml:11:9-43
27        android:label="@string/app_name"
27-->src\main\AndroidManifest.xml:12:9-41
28        android:roundIcon="@mipmap/ic_launcher_round"
28-->src\main\AndroidManifest.xml:13:9-54
29        android:supportsRtl="true"
29-->src\main\AndroidManifest.xml:14:9-35
30        android:testOnly="true"
31        android:theme="@style/Theme.TP1PremièreApplication" >
31-->src\main\AndroidManifest.xml:15:9-60
32
33        <!-- Listes des activités -->
34
35
36        <!-- Saisie de données -->
37        <activity
37-->src\main\AndroidManifest.xml:21:9-33:20
38            android:name="com.example.tp1_premireapplication.MainActivity"
38-->src\main\AndroidManifest.xml:22:13-41
39            android:exported="true" >
39-->src\main\AndroidManifest.xml:23:13-36
40            <intent-filter>
40-->src\main\AndroidManifest.xml:24:13-28:29
41                <action android:name="android.intent.action.MAIN" />
41-->src\main\AndroidManifest.xml:25:17-69
41-->src\main\AndroidManifest.xml:25:25-66
42
43                <category android:name="android.intent.category.LAUNCHER" />
43-->src\main\AndroidManifest.xml:27:17-77
43-->src\main\AndroidManifest.xml:27:27-74
44            </intent-filter>
45
46            <meta-data
46-->src\main\AndroidManifest.xml:30:13-32:36
47                android:name="android.app.lib_name"
47-->src\main\AndroidManifest.xml:31:17-52
48                android:value="" />
48-->src\main\AndroidManifest.xml:32:17-33
49        </activity> <!-- Saisie de données -->
50        <activity
50-->src\main\AndroidManifest.xml:34:9-40:20
51            android:name="com.example.tp1_premireapplication.SaisieActivity"
51-->src\main\AndroidManifest.xml:35:13-43
52            android:exported="true" >
52-->src\main\AndroidManifest.xml:36:13-36
53            <meta-data
53-->src\main\AndroidManifest.xml:30:13-32:36
54                android:name="android.app.lib_name"
54-->src\main\AndroidManifest.xml:31:17-52
55                android:value="" />
55-->src\main\AndroidManifest.xml:32:17-33
56        </activity> <!-- Affichage des données -->
57        <activity
57-->src\main\AndroidManifest.xml:41:9-47:20
58            android:name="com.example.tp1_premireapplication.AffichageActivity"
58-->src\main\AndroidManifest.xml:42:13-46
59            android:exported="true" >
59-->src\main\AndroidManifest.xml:43:13-36
60            <meta-data
60-->src\main\AndroidManifest.xml:30:13-32:36
61                android:name="android.app.lib_name"
61-->src\main\AndroidManifest.xml:31:17-52
62                android:value="" />
62-->src\main\AndroidManifest.xml:32:17-33
63        </activity> <!-- Affichage pour appeler -->
64        <activity
64-->src\main\AndroidManifest.xml:48:9-54:20
65            android:name="com.example.tp1_premireapplication.AppelActivity"
65-->src\main\AndroidManifest.xml:49:13-42
66            android:exported="true" >
66-->src\main\AndroidManifest.xml:50:13-36
67            <meta-data
67-->src\main\AndroidManifest.xml:30:13-32:36
68                android:name="android.app.lib_name"
68-->src\main\AndroidManifest.xml:31:17-52
69                android:value="" />
69-->src\main\AndroidManifest.xml:32:17-33
70        </activity> <!-- Recherche de train -->
71        <activity
71-->src\main\AndroidManifest.xml:55:9-61:20
72            android:name="com.example.tp1_premireapplication.TrainActivity"
72-->src\main\AndroidManifest.xml:56:13-42
73            android:exported="true" >
73-->src\main\AndroidManifest.xml:57:13-36
74            <meta-data
74-->src\main\AndroidManifest.xml:30:13-32:36
75                android:name="android.app.lib_name"
75-->src\main\AndroidManifest.xml:31:17-52
76                android:value="" />
76-->src\main\AndroidManifest.xml:32:17-33
77        </activity> <!-- Calendrier -->
78        <activity
78-->src\main\AndroidManifest.xml:62:9-68:20
79            android:name="com.example.tp1_premireapplication.CalendrierActivity"
79-->src\main\AndroidManifest.xml:63:13-47
80            android:exported="true" >
80-->src\main\AndroidManifest.xml:64:13-36
81            <meta-data
81-->src\main\AndroidManifest.xml:30:13-32:36
82                android:name="android.app.lib_name"
82-->src\main\AndroidManifest.xml:31:17-52
83                android:value="" />
83-->src\main\AndroidManifest.xml:32:17-33
84        </activity>
85
86        <provider
86-->[androidx.emoji2:emoji2:1.2.0] AndroidManifest.xml:24:9-32:20
87            android:name="androidx.startup.InitializationProvider"
87-->[androidx.emoji2:emoji2:1.2.0] AndroidManifest.xml:25:13-67
88            android:authorities="com.example.tp1_premireapplication.androidx-startup"
88-->[androidx.emoji2:emoji2:1.2.0] AndroidManifest.xml:26:13-68
89            android:exported="false" >
89-->[androidx.emoji2:emoji2:1.2.0] AndroidManifest.xml:27:13-37
90            <meta-data
90-->[androidx.emoji2:emoji2:1.2.0] AndroidManifest.xml:29:13-31:52
91                android:name="androidx.emoji2.text.EmojiCompatInitializer"
91-->[androidx.emoji2:emoji2:1.2.0] AndroidManifest.xml:30:17-75
92                android:value="androidx.startup" />
92-->[androidx.emoji2:emoji2:1.2.0] AndroidManifest.xml:31:17-49
93            <meta-data
93-->[androidx.lifecycle:lifecycle-process:2.4.1] AndroidManifest.xml:31:13-33:52
94                android:name="androidx.lifecycle.ProcessLifecycleInitializer"
94-->[androidx.lifecycle:lifecycle-process:2.4.1] AndroidManifest.xml:32:17-78
95                android:value="androidx.startup" />
95-->[androidx.lifecycle:lifecycle-process:2.4.1] AndroidManifest.xml:33:17-49
96        </provider>
97
98        <uses-library
98-->[androidx.window:window:1.0.0] AndroidManifest.xml:25:9-27:40
99            android:name="androidx.window.extensions"
99-->[androidx.window:window:1.0.0] AndroidManifest.xml:26:13-54
100            android:required="false" />
100-->[androidx.window:window:1.0.0] AndroidManifest.xml:27:13-37
101        <uses-library
101-->[androidx.window:window:1.0.0] AndroidManifest.xml:28:9-30:40
102            android:name="androidx.window.sidecar"
102-->[androidx.window:window:1.0.0] AndroidManifest.xml:29:13-51
103            android:required="false" />
103-->[androidx.window:window:1.0.0] AndroidManifest.xml:30:13-37
104    </application>
105
106</manifest>